TREE-QMC version 4.1.3
COMMAND: tree-qmc --blobsearchonly nomiinae_base_tree.tre --store_pvalue --iter_limit_blob 0 -i nomiinae_gene_trees.tre -o nomiinae_psearch_exhaustive.tre 
Need to read nomiinae_base_tree.tre

SETTINGS:
input file: nomiinae_gene_trees.tre
species tree file: nomiinae_base_tree.tre
output file: nomiinae_psearch_exhaustive.tre
weighting mode: none
  WARNING: --hybrid option is recommended

LOGGING:
Reading input
Found
    852 trees
    31 taxa
    0 polytomies across all trees
Loading species tree
Reading species tree
Found
    31 taxa
Printing output tree:
(Lasioglossum_albipes,(((((((((Pseudapis_oxybeloides,Pseudapis_siamensis),((Pseudapis_nilotica,Pseudapis_flavolobata),Pseudapis_interstitinervis)),((Pseudapis_riftensis,Pseudapis_pandeana),Pseudapis_kenyensis)),Pseudapis_cinerea),(Nomiapis_diversipes,Nomiapis_bispinosa)),(Steganomus_junodi,Steganomus_ennediensis)),((((Pachynomia_tshibindica,Pachynomia_amoenula),Pachynomia_flavicarpa),((Stictonomia_aliceae,Stictonomia_schubotzi),Stictonomia_sangaensis)),Ruginomia_rugiventris)),(((((Hoplonomia_elliotii,Acunomia_melanderi),Curvinomia_chalybeata),Austronomia_australica),(Lipotriches_collaris,Lipotriches_justiciae)),(Afronomia_circumnitens,Macronomia_clavisetis))),(Dieunomia_heteropoda,Dieunomia_triangulifera)));
Constructing tree of blobs
28 branches to test
Testing branch id 0, QTT: 0.000227625; QST: 8.65546e-56; qCF: [131/372/78]; minimizer: [Lasioglossum_albipes/Dieunomia_heteropoda/Austronomia_australica/Lipotriches_collaris] 
Testing branch id 1, QTT: 0.000477074; QST: 2.18554e-143; qCF: [13/355/1]; minimizer: [Acunomia_melanderi/Afronomia_circumnitens/Pseudapis_siamensis/Steganomus_ennediensis] 
Testing branch id 2, QTT: 2.48153e-06; QST: 5.56496e-68; qCF: [183/16/0]; minimizer: [Pachynomia_tshibindica/Stictonomia_schubotzi/Pseudapis_siamensis/Nomiapis_diversipes] 
Testing branch id 3, QTT: 2.48153e-06; QST: 5.56496e-68; qCF: [183/16/0]; minimizer: [Pachynomia_tshibindica/Stictonomia_schubotzi/Pseudapis_siamensis/Nomiapis_diversipes] 
Testing branch id 4, QTT: 0.000163783; QST: 5.27753e-126; qCF: [374/38/12]; minimizer: [Nomiapis_diversipes/Macronomia_clavisetis/Pseudapis_kenyensis/Pseudapis_cinerea] 
Testing branch id 5, QTT: 0.000919; QST: 8.98959e-145; qCF: [9/0/349]; minimizer: [Lasioglossum_albipes/Stictonomia_sangaensis/Pseudapis_siamensis/Pseudapis_kenyensis] 
Testing branch id 6, QTT: 0.00191; QST: 1.80531e-81; qCF: [0/201/8]; minimizer: [Steganomus_ennediensis/Hoplonomia_elliotii/Pseudapis_oxybeloides/Pseudapis_nilotica] 
Testing branch id 7, QTT: 0.00487598; QST: 2.23688e-146; qCF: [2/12/362]; minimizer: [Nomiapis_bispinosa/Steganomus_ennediensis/Pseudapis_oxybeloides/Pseudapis_siamensis] 
Testing branch id 8, QTT: 0.0074204; QST: 1.28945e-128; qCF: [418/26/49]; minimizer: [Pseudapis_pandeana/Pachynomia_tshibindica/Pseudapis_flavolobata/Pseudapis_interstitinervis] 
Testing branch id 9, QTT: 2.95346e-05; QST: 2.99096e-15; qCF: [145/82/37]; minimizer: [Pseudapis_interstitinervis/Pseudapis_riftensis/Pseudapis_nilotica/Pseudapis_flavolobata] 
Testing branch id 10, QTT: 0.00267891; QST: 2.34115e-179; qCF: [2/13/440]; minimizer: [Steganomus_junodi/Pachynomia_amoenula/Pseudapis_pandeana/Pseudapis_kenyensis] 
Testing branch id 11, QTT: 0.0180558; QST: 1.07953e-200; qCF: [527/11/25]; minimizer: [Pseudapis_oxybeloides/Stictonomia_aliceae/Pseudapis_riftensis/Pseudapis_pandeana] 
Testing branch id 12, QTT: 0.00296997; QST: 4.4289e-121; qCF: [326/6/21]; minimizer: [Pseudapis_siamensis/Pachynomia_flavicarpa/Nomiapis_diversipes/Nomiapis_bispinosa] 
Testing branch id 13, QTT: 0.00920414; QST: 7.37195e-59; qCF: [4/15/167]; minimizer: [Pachynomia_tshibindica/Ruginomia_rugiventris/Steganomus_junodi/Steganomus_ennediensis] 
Testing branch id 14, QTT: 2.48153e-06; QST: 5.56496e-68; qCF: [183/16/0]; minimizer: [Pseudapis_siamensis/Nomiapis_diversipes/Pachynomia_tshibindica/Stictonomia_schubotzi] 
Testing branch id 15, QTT: 2.48153e-06; QST: 5.56496e-68; qCF: [183/16/0]; minimizer: [Pseudapis_siamensis/Nomiapis_diversipes/Pachynomia_tshibindica/Stictonomia_schubotzi] 
Testing branch id 16, QTT: 3.87116e-05; QST: 3.10016e-103; qCF: [4/287/25]; minimizer: [Stictonomia_aliceae/Afronomia_circumnitens/Pachynomia_amoenula/Pachynomia_flavicarpa] 
Testing branch id 17, QTT: 0.00439101; QST: 8.92164e-46; qCF: [240/67/38]; minimizer: [Steganomus_junodi/Pachynomia_flavicarpa/Pachynomia_tshibindica/Pachynomia_amoenula] 
Testing branch id 18, QTT: 2.48153e-06; QST: 9.37372e-61; qCF: [166/16/0]; minimizer: [Pseudapis_siamensis/Nomiapis_bispinosa/Stictonomia_schubotzi/Stictonomia_sangaensis] 
Testing branch id 19, QTT: 1.36381e-07; QST: 2.85792e-08; qCF: [69/80/21]; minimizer: [Nomiapis_bispinosa/Stictonomia_sangaensis/Stictonomia_aliceae/Stictonomia_schubotzi] 
Testing branch id 20, QTT: 0.000138926; QST: 1.55202e-05; qCF: [151/81/136]; minimizer: [Lasioglossum_albipes/Pachynomia_flavicarpa/Hoplonomia_elliotii/Lipotriches_collaris] 
Testing branch id 21, QTT: 0.000138926; QST: 1.55202e-05; qCF: [151/81/136]; minimizer: [Lasioglossum_albipes/Pachynomia_flavicarpa/Hoplonomia_elliotii/Lipotriches_collaris] 
Testing branch id 22, QTT: 0.0005525; QST: 1.69779e-214; qCF: [564/30/9]; minimizer: [Lipotriches_collaris/Afronomia_circumnitens/Acunomia_melanderi/Curvinomia_chalybeata] 
Testing branch id 23, QTT: 0.0005525; QST: 1.69779e-214; qCF: [564/30/9]; minimizer: [Lipotriches_collaris/Afronomia_circumnitens/Acunomia_melanderi/Curvinomia_chalybeata] 
Testing branch id 24, QTT: 0.039076; QST: 3.45109e-22; qCF: [56/194/80]; minimizer: [Pseudapis_nilotica/Austronomia_australica/Hoplonomia_elliotii/Acunomia_melanderi] 
Testing branch id 25, QTT: 0.0298733; QST: 1.1613e-222; qCF: [553/16/6]; minimizer: [Lasioglossum_albipes/Afronomia_circumnitens/Lipotriches_collaris/Lipotriches_justiciae] 
Testing branch id 26, QTT: 0.00858118; QST: 1.36092e-210; qCF: [562/13/30]; minimizer: [Acunomia_melanderi/Curvinomia_chalybeata/Afronomia_circumnitens/Macronomia_clavisetis] 
Testing branch id 27, QTT: 0.0393; QST: 4.49047e-263; qCF: [612/0/4]; minimizer: [Lasioglossum_albipes/Pseudapis_siamensis/Dieunomia_heteropoda/Dieunomia_triangulifera] 
Printing output tree with pvalues:
(Lasioglossum_albipes,(((((((((Pseudapis_oxybeloides,Pseudapis_siamensis)'[blob_id=7;qtt_p=4.875975632699e-03;qst_p=2.236882491442e-146;qcf_1=2;qcf_2=12;qcf_3=362]',((Pseudapis_nilotica,Pseudapis_flavolobata)'[blob_id=9;qtt_p=2.953462127582e-05;qst_p=2.990960510330e-15;qcf_1=145;qcf_2=82;qcf_3=37]',Pseudapis_interstitinervis)'[blob_id=8;qtt_p=7.420396228905e-03;qst_p=1.289453487164e-128;qcf_1=418;qcf_2=26;qcf_3=49]')'[blob_id=6;qtt_p=1.910000000000e-03;qst_p=1.805309861435e-81;qcf_1=0;qcf_2=201;qcf_3=8]',((Pseudapis_riftensis,Pseudapis_pandeana)'[blob_id=11;qtt_p=1.805578204442e-02;qst_p=1.079525144152e-200;qcf_1=527;qcf_2=11;qcf_3=25]',Pseudapis_kenyensis)'[blob_id=10;qtt_p=2.678914241080e-03;qst_p=2.341153446664e-179;qcf_1=2;qcf_2=13;qcf_3=440]')'[blob_id=5;qtt_p=9.190000000000e-04;qst_p=8.989592635762e-145;qcf_1=9;qcf_2=0;qcf_3=349]',Pseudapis_cinerea)'[blob_id=4;qtt_p=1.637831410863e-04;qst_p=5.277526733592e-126;qcf_1=374;qcf_2=38;qcf_3=12]',(Nomiapis_diversipes,Nomiapis_bispinosa)'[blob_id=12;qtt_p=2.969974790040e-03;qst_p=4.428896074678e-121;qcf_1=326;qcf_2=6;qcf_3=21]')'[blob_id=3;qtt_p=2.481530362228e-06;qst_p=5.564960246317e-68;qcf_1=183;qcf_2=16;qcf_3=0]',(Steganomus_junodi,Steganomus_ennediensis)'[blob_id=13;qtt_p=9.204135936779e-03;qst_p=7.371946458565e-59;qcf_1=4;qcf_2=15;qcf_3=167]')'[blob_id=2;qtt_p=2.481530362228e-06;qst_p=5.564960246317e-68;qcf_1=183;qcf_2=16;qcf_3=0]',((((Pachynomia_tshibindica,Pachynomia_amoenula)'[blob_id=17;qtt_p=4.391009110893e-03;qst_p=8.921637403114e-46;qcf_1=240;qcf_2=67;qcf_3=38]',Pachynomia_flavicarpa)'[blob_id=16;qtt_p=3.871159962627e-05;qst_p=3.100162259217e-103;qcf_1=4;qcf_2=287;qcf_3=25]',((Stictonomia_aliceae,Stictonomia_schubotzi)'[blob_id=19;qtt_p=1.363812150974e-07;qst_p=2.857915487762e-08;qcf_1=69;qcf_2=80;qcf_3=21]',Stictonomia_sangaensis)'[blob_id=18;qtt_p=2.481530362228e-06;qst_p=9.373723971224e-61;qcf_1=166;qcf_2=16;qcf_3=0]')'[blob_id=15;qtt_p=2.481530362228e-06;qst_p=5.564960246317e-68;qcf_1=183;qcf_2=16;qcf_3=0]',Ruginomia_rugiventris)'[blob_id=14;qtt_p=2.481530362228e-06;qst_p=5.564960246317e-68;qcf_1=183;qcf_2=16;qcf_3=0]')'[blob_id=1;qtt_p=4.770736247504e-04;qst_p=2.185541054519e-143;qcf_1=13;qcf_2=355;qcf_3=1]',(((((Hoplonomia_elliotii,Acunomia_melanderi)'[blob_id=24;qtt_p=3.907595506917e-02;qst_p=3.451090360688e-22;qcf_1=56;qcf_2=194;qcf_3=80]',Curvinomia_chalybeata)'[blob_id=23;qtt_p=5.525000129590e-04;qst_p=1.697793223057e-214;qcf_1=564;qcf_2=30;qcf_3=9]',Austronomia_australica)'[blob_id=22;qtt_p=5.525000129590e-04;qst_p=1.697793223057e-214;qcf_1=564;qcf_2=30;qcf_3=9]',(Lipotriches_collaris,Lipotriches_justiciae)'[blob_id=25;qtt_p=2.987330377473e-02;qst_p=1.161303195114e-222;qcf_1=553;qcf_2=16;qcf_3=6]')'[blob_id=21;qtt_p=1.389259414170e-04;qst_p=1.552017813946e-05;qcf_1=151;qcf_2=81;qcf_3=136]',(Afronomia_circumnitens,Macronomia_clavisetis)'[blob_id=26;qtt_p=8.581175779726e-03;qst_p=1.360917064927e-210;qcf_1=562;qcf_2=13;qcf_3=30]')'[blob_id=20;qtt_p=1.389259414170e-04;qst_p=1.552017813946e-05;qcf_1=151;qcf_2=81;qcf_3=136]')'[blob_id=0;qtt_p=2.276250294504e-04;qst_p=8.655460009256e-56;qcf_1=131;qcf_2=372;qcf_3=78]',(Dieunomia_heteropoda,Dieunomia_triangulifera)'[blob_id=27;qtt_p=3.930000000000e-02;qst_p=4.490470027733e-263;qcf_1=612;qcf_2=0;qcf_3=4]'));
Writing species tree
Execution time: 14secs
[1mWarning messages:
[0m[1m1: package ‘Rcpp’ was built under R version 4.3.3 
[0m[1m2: package ‘MSCquartets’ was built under R version 4.3.3 
[0m[1m3: package ‘ape’ was built under R version 4.3.3 
[0m[1m4: package ‘phangorn’ was built under R version 4.3.3 
[0m